<?xml version="1.0" encoding="UTF-8"?>
<!-- Generated by org.testng.reporters.JUnitXMLReporter -->
<testsuite ignored="10" hostname="W10LN-2TJ6BC3" failures="0" tests="1" name="Default test" time="12.215" errors="0" timestamp="2022-06-20T09:12:50 EDT">
  <testcase classname="com.wac.cwp.testcases.SettingsPageTestCase" name="verifyManageRecurringChange_APT_221" time="8.847"/>
  <testcase classname="com.wac.cwp.testcases.SettingsPageTestCase" name="verifyCards_APT_173" time="0.0">
    <ignored/>
  </testcase> <!-- verifyCards_APT_173 -->
  <testcase classname="com.wac.cwp.testcases.SettingsPageTestCase" name="verifyStopRecurringModel_APT_222" time="0.0">
    <ignored/>
  </testcase> <!-- verifyStopRecurringModel_APT_222 -->
  <testcase classname="com.wac.cwp.testcases.SettingsPageTestCase" name="verifyProfileCardDetails_174_175" time="0.0">
    <ignored/>
  </testcase> <!-- verifyProfileCardDetails_174_175 -->
  <testcase classname="com.wac.cwp.testcases.SettingsPageTestCase" name="verifyAccountCardDetails_176_177" time="0.0">
    <ignored/>
  </testcase> <!-- verifyAccountCardDetails_176_177 -->
  <testcase classname="com.wac.cwp.testcases.SettingsPageTestCase" name="VerifyManageRecurringDetails_APT_220" time="0.0">
    <ignored/>
  </testcase> <!-- VerifyManageRecurringDetails_APT_220 -->
  <testcase classname="com.wac.cwp.testcases.SettingsPageTestCase" name="VerifyLoanDetailsPage_224" time="0.0">
    <ignored/>
  </testcase> <!-- VerifyLoanDetailsPage_224 -->
  <testcase classname="com.wac.cwp.testcases.SettingsPageTestCase" name="verifySetUpRecurring_218_223" time="0.0">
    <ignored/>
  </testcase> <!-- verifySetUpRecurring_218_223 -->
  <testcase classname="com.wac.cwp.testcases.SettingsPageTestCase" name="verifySettingsLinkAtTop_APT_172" time="0.0">
    <ignored/>
  </testcase> <!-- verifySettingsLinkAtTop_APT_172 -->
  <testcase classname="com.wac.cwp.testcases.SettingsPageTestCase" name="VerifyverifyRecurringCard_180_181" time="0.0">
    <ignored/>
  </testcase> <!-- VerifyverifyRecurringCard_180_181 -->
  <testcase classname="com.wac.cwp.testcases.SettingsPageTestCase" name="verifyManageRecurringPayments_APT_219" time="0.0">
    <ignored/>
  </testcase> <!-- verifyManageRecurringPayments_APT_219 -->
</testsuite> <!-- Default test -->
