<?xml version="1.0" encoding="UTF-8"?>
<!-- Generated by org.testng.reporters.JUnitXMLReporter -->
<testsuite ignored="0" hostname="W10LN-2TJ6BC3" failures="0" tests="3" name="OAMTests" time="5.347" errors="0" timestamp="2022-06-01T10:13:15 EDT">
  <testcase classname="com.wac.cwp.testcases.AccountsPageTestCases" name="@BeforeMethod setUp" time="4.341">
    <failure type="java.lang.NoSuchMethodError" message="&amp;apos;void org.openqa.selenium.support.PageFactory.initElements(org.openqa.selenium.WebDriver, java.lang.Object)&amp;apos;">
      <![CDATA[java.lang.NoSuchMethodError: 'void org.openqa.selenium.support.PageFactory.initElements(org.openqa.selenium.WebDriver, java.lang.Object)'
at com.wac.cwp.pages.LoginPage.<init>(LoginPage.java:42)
at com.wac.cwp.testcases.AccountsPageTestCases.setUp(AccountsPageTestCases.java:40)
at java.base/java.util.ArrayList.forEach(ArrayList.java:1511)
... Removed 31 stack frames]]>
    </failure>
  </testcase> <!-- @BeforeMethod setUp -->
  <testcase classname="com.wac.cwp.testcases.AccountsPageTestCases" name="@AfterMethod tearDown" time="-1.654092794725E9">
    <skipped/>
  </testcase> <!-- @AfterMethod tearDown -->
  <testcase classname="com.wac.cwp.testcases.AccountsPageTestCases" name="@BeforeMethod setUp" time="-1.654092795019E9">
    <skipped/>
  </testcase> <!-- @BeforeMethod setUp -->
  <testcase classname="com.wac.cwp.testcases.AccountsPageTestCases" name="@AfterMethod tearDown" time="-1.654092795023E9">
    <skipped/>
  </testcase> <!-- @AfterMethod tearDown -->
  <testcase classname="com.wac.cwp.testcases.AccountsPageTestCases" name="@BeforeMethod setUp" time="-1.654092795024E9">
    <skipped/>
  </testcase> <!-- @BeforeMethod setUp -->
  <testcase classname="com.wac.cwp.testcases.AccountsPageTestCases" name="@AfterMethod tearDown" time="-1.654092795027E9">
    <skipped/>
  </testcase> <!-- @AfterMethod tearDown -->
  <testcase classname="com.wac.cwp.testcases.AccountsPageTestCases" name="verifyWelcomeMsgInAccountsPage_APT_120" time="0.0">
    <skipped/>
  </testcase> <!-- verifyWelcomeMsgInAccountsPage_APT_120 -->
  <testcase classname="com.wac.cwp.testcases.AccountsPageTestCases" name="verifyRecentPaymentSection_APT_125_126" time="0.0">
    <skipped/>
  </testcase> <!-- verifyRecentPaymentSection_APT_125_126 -->
  <testcase classname="com.wac.cwp.testcases.AccountsPageTestCases" name="verifyRecentPaymentSection_APT_125_126" time="0.0">
    <skipped/>
  </testcase> <!-- verifyRecentPaymentSection_APT_125_126 -->
</testsuite> <!-- OAMTests -->
