<?xml version="1.0" encoding="UTF-8"?>
<!-- Generated by org.testng.reporters.JUnitXMLReporter -->
<testsuite ignored="0" hostname="W10LN-PF2ZVBY8" failures="1" tests="1" name="OAMTests" time="15.781" errors="0" timestamp="2022-05-16T16:31:21 EDT">
  <testcase classname="com.wac.cwp.testcases.FogrotPasswordTestCases" name="validEmailExistingAndNonExisting_FP_10_11" time="7.63">
    <failure type="java.lang.AssertionError" message="AUTHENTICATE failed.">
      <![CDATA[java.lang.AssertionError: AUTHENTICATE failed.
at com.wac.cwp.testcases.FogrotPasswordTestCases.validEmailExistingAndNonExisting_FP_10_11(FogrotPasswordTestCases.java:280)
at java.base/java.util.ArrayList.forEach(ArrayList.java:1511)
... Removed 28 stack frames]]>
    </failure>
  </testcase> <!-- validEmailExistingAndNonExisting_FP_10_11 -->
</testsuite> <!-- OAMTests -->
